sed: can't read /scratch/axiom/FAC/FBM/DEE/jpannell/merc_omics_dlj/sexrecevo/Simulations_March_2020//template_hotspot.conf: No such file or directory
mv: cannot move ‘SIM_array_02_3186849-10.err’ to ‘/scratch/axiom/FAC/FBM/DEE/jpannell/merc_omics_dlj/sexrecevo/Simulations_March_2020//02_sim_array_logs/SIM_array_02_3186849-10.err’: Device or resource busy
mv: cannot move ‘SIM_array_02_3186849-10.out’ to ‘/scratch/axiom/FAC/FBM/DEE/jpannell/merc_omics_dlj/sexrecevo/Simulations_March_2020//02_sim_array_logs/SIM_array_02_3186849-10.out’: Device or resource busy
mv: cannot move ‘SIM_array_02_3186849-11.err’ to ‘/scratch/axiom/FAC/FBM/DEE/jpannell/merc_omics_dlj/sexrecevo/Simulations_March_2020//02_sim_array_logs/SIM_array_02_3186849-11.err’: Device or resource busy
mv: cannot move ‘SIM_array_02_3186849-11.out’ to ‘/scratch/axiom/FAC/FBM/DEE/jpannell/merc_omics_dlj/sexrecevo/Simulations_March_2020//02_sim_array_logs/SIM_array_02_3186849-11.out’: Device or resource busy
mv: cannot move ‘SIM_array_02_3186849-13.err’ to ‘/scratch/axiom/FAC/FBM/DEE/jpannell/merc_omics_dlj/sexrecevo/Simulations_March_2020//02_sim_array_logs/SIM_array_02_3186849-13.err’: Device or resource busy
mv: cannot move ‘SIM_array_02_3186849-13.out’ to ‘/scratch/axiom/FAC/FBM/DEE/jpannell/merc_omics_dlj/sexrecevo/Simulations_March_2020//02_sim_array_logs/SIM_array_02_3186849-13.out’: Device or resource busy
mv: cannot move ‘SIM_array_02_3186849-14.err’ to ‘/scratch/axiom/FAC/FBM/DEE/jpannell/merc_omics_dlj/sexrecevo/Simulations_March_2020//02_sim_array_logs/SIM_array_02_3186849-14.err’: Device or resource busy
mv: cannot move ‘SIM_array_02_3186849-14.out’ to ‘/scratch/axiom/FAC/FBM/DEE/jpannell/merc_omics_dlj/sexrecevo/Simulations_March_2020//02_sim_array_logs/SIM_array_02_3186849-14.out’: Device or resource busy
mv: cannot move ‘SIM_array_02_3186849-15.err’ to ‘/scratch/axiom/FAC/FBM/DEE/jpannell/merc_omics_dlj/sexrecevo/Simulations_March_2020//02_sim_array_logs/SIM_array_02_3186849-15.err’: Device or resource busy
mv: cannot move ‘SIM_array_02_3186849-15.out’ to ‘/scratch/axiom/FAC/FBM/DEE/jpannell/merc_omics_dlj/sexrecevo/Simulations_March_2020//02_sim_array_logs/SIM_array_02_3186849-15.out’: Device or resource busy
mv: cannot move ‘SIM_array_02_3186849-16.err’ to ‘/scratch/axiom/FAC/FBM/DEE/jpannell/merc_omics_dlj/sexrecevo/Simulations_March_2020//02_sim_array_logs/SIM_array_02_3186849-16.err’: Device or resource busy
mv: cannot move ‘SIM_array_02_3186849-16.out’ to ‘/scratch/axiom/FAC/FBM/DEE/jpannell/merc_omics_dlj/sexrecevo/Simulations_March_2020//02_sim_array_logs/SIM_array_02_3186849-16.out’: Device or resource busy
mv: cannot move ‘SIM_array_02_3186849-17.err’ to ‘/scratch/axiom/FAC/FBM/DEE/jpannell/merc_omics_dlj/sexrecevo/Simulations_March_2020//02_sim_array_logs/SIM_array_02_3186849-17.err’: Device or resource busy
mv: cannot move ‘SIM_array_02_3186849-17.out’ to ‘/scratch/axiom/FAC/FBM/DEE/jpannell/merc_omics_dlj/sexrecevo/Simulations_March_2020//02_sim_array_logs/SIM_array_02_3186849-17.out’: Device or resource busy
mv: cannot move ‘SIM_array_02_3186849-18.err’ to ‘/scratch/axiom/FAC/FBM/DEE/jpannell/merc_omics_dlj/sexrecevo/Simulations_March_2020//02_sim_array_logs/SIM_array_02_3186849-18.err’: Device or resource busy
mv: cannot move ‘SIM_array_02_3186849-18.out’ to ‘/scratch/axiom/FAC/FBM/DEE/jpannell/merc_omics_dlj/sexrecevo/Simulations_March_2020//02_sim_array_logs/SIM_array_02_3186849-18.out’: Device or resource busy
mv: cannot move ‘SIM_array_02_3186849-19.err’ to ‘/scratch/axiom/FAC/FBM/DEE/jpannell/merc_omics_dlj/sexrecevo/Simulations_March_2020//02_sim_array_logs/SIM_array_02_3186849-19.err’: Device or resource busy
mv: cannot move ‘SIM_array_02_3186849-19.out’ to ‘/scratch/axiom/FAC/FBM/DEE/jpannell/merc_omics_dlj/sexrecevo/Simulations_March_2020//02_sim_array_logs/SIM_array_02_3186849-19.out’: Device or resource busy
mv: cannot move ‘SIM_array_02_3186849-1.err’ to ‘/scratch/axiom/FAC/FBM/DEE/jpannell/merc_omics_dlj/sexrecevo/Simulations_March_2020//02_sim_array_logs/SIM_array_02_3186849-1.err’: Device or resource busy
mv: cannot move ‘SIM_array_02_3186849-1.out’ to ‘/scratch/axiom/FAC/FBM/DEE/jpannell/merc_omics_dlj/sexrecevo/Simulations_March_2020//02_sim_array_logs/SIM_array_02_3186849-1.out’: Device or resource busy
mv: cannot move ‘SIM_array_02_3186849-20.err’ to ‘/scratch/axiom/FAC/FBM/DEE/jpannell/merc_omics_dlj/sexrecevo/Simulations_March_2020//02_sim_array_logs/SIM_array_02_3186849-20.err’: Device or resource busy
mv: cannot move ‘SIM_array_02_3186849-20.out’ to ‘/scratch/axiom/FAC/FBM/DEE/jpannell/merc_omics_dlj/sexrecevo/Simulations_March_2020//02_sim_array_logs/SIM_array_02_3186849-20.out’: Device or resource busy
mv: cannot move ‘SIM_array_02_3186849-21.err’ to ‘/scratch/axiom/FAC/FBM/DEE/jpannell/merc_omics_dlj/sexrecevo/Simulations_March_2020//02_sim_array_logs/SIM_array_02_3186849-21.err’: Device or resource busy
mv: cannot move ‘SIM_array_02_3186849-21.out’ to ‘/scratch/axiom/FAC/FBM/DEE/jpannell/merc_omics_dlj/sexrecevo/Simulations_March_2020//02_sim_array_logs/SIM_array_02_3186849-21.out’: Device or resource busy
mv: cannot move ‘SIM_array_02_3186849-22.err’ to ‘/scratch/axiom/FAC/FBM/DEE/jpannell/merc_omics_dlj/sexrecevo/Simulations_March_2020//02_sim_array_logs/SIM_array_02_3186849-22.err’: Device or resource busy
mv: cannot move ‘SIM_array_02_3186849-22.out’ to ‘/scratch/axiom/FAC/FBM/DEE/jpannell/merc_omics_dlj/sexrecevo/Simulations_March_2020//02_sim_array_logs/SIM_array_02_3186849-22.out’: Device or resource busy
mv: cannot move ‘SIM_array_02_3186849-23.err’ to ‘/scratch/axiom/FAC/FBM/DEE/jpannell/merc_omics_dlj/sexrecevo/Simulations_March_2020//02_sim_array_logs/SIM_array_02_3186849-23.err’: Device or resource busy
mv: cannot move ‘SIM_array_02_3186849-23.out’ to ‘/scratch/axiom/FAC/FBM/DEE/jpannell/merc_omics_dlj/sexrecevo/Simulations_March_2020//02_sim_array_logs/SIM_array_02_3186849-23.out’: Device or resource busy
mv: cannot move ‘SIM_array_02_3186849-24.err’ to ‘/scratch/axiom/FAC/FBM/DEE/jpannell/merc_omics_dlj/sexrecevo/Simulations_March_2020//02_sim_array_logs/SIM_array_02_3186849-24.err’: Device or resource busy
mv: cannot move ‘SIM_array_02_3186849-24.out’ to ‘/scratch/axiom/FAC/FBM/DEE/jpannell/merc_omics_dlj/sexrecevo/Simulations_March_2020//02_sim_array_logs/SIM_array_02_3186849-24.out’: Device or resource busy
mv: cannot move ‘SIM_array_02_3186849-25.err’ to ‘/scratch/axiom/FAC/FBM/DEE/jpannell/merc_omics_dlj/sexrecevo/Simulations_March_2020//02_sim_array_logs/SIM_array_02_3186849-25.err’: Device or resource busy
mv: cannot move ‘SIM_array_02_3186849-25.out’ to ‘/scratch/axiom/FAC/FBM/DEE/jpannell/merc_omics_dlj/sexrecevo/Simulations_March_2020//02_sim_array_logs/SIM_array_02_3186849-25.out’: Device or resource busy
mv: cannot move ‘SIM_array_02_3186849-26.err’ to ‘/scratch/axiom/FAC/FBM/DEE/jpannell/merc_omics_dlj/sexrecevo/Simulations_March_2020//02_sim_array_logs/SIM_array_02_3186849-26.err’: Device or resource busy
mv: cannot move ‘SIM_array_02_3186849-26.out’ to ‘/scratch/axiom/FAC/FBM/DEE/jpannell/merc_omics_dlj/sexrecevo/Simulations_March_2020//02_sim_array_logs/SIM_array_02_3186849-26.out’: Device or resource busy
mv: cannot move ‘SIM_array_02_3186849-27.err’ to ‘/scratch/axiom/FAC/FBM/DEE/jpannell/merc_omics_dlj/sexrecevo/Simulations_March_2020//02_sim_array_logs/SIM_array_02_3186849-27.err’: Device or resource busy
mv: cannot move ‘SIM_array_02_3186849-27.out’ to ‘/scratch/axiom/FAC/FBM/DEE/jpannell/merc_omics_dlj/sexrecevo/Simulations_March_2020//02_sim_array_logs/SIM_array_02_3186849-27.out’: Device or resource busy
mv: cannot move ‘SIM_array_02_3186849-28.err’ to ‘/scratch/axiom/FAC/FBM/DEE/jpannell/merc_omics_dlj/sexrecevo/Simulations_March_2020//02_sim_array_logs/SIM_array_02_3186849-28.err’: Device or resource busy
mv: cannot move ‘SIM_array_02_3186849-28.out’ to ‘/scratch/axiom/FAC/FBM/DEE/jpannell/merc_omics_dlj/sexrecevo/Simulations_March_2020//02_sim_array_logs/SIM_array_02_3186849-28.out’: Device or resource busy
mv: cannot move ‘SIM_array_02_3186849-29.err’ to ‘/scratch/axiom/FAC/FBM/DEE/jpannell/merc_omics_dlj/sexrecevo/Simulations_March_2020//02_sim_array_logs/SIM_array_02_3186849-29.err’: Device or resource busy
mv: cannot move ‘SIM_array_02_3186849-29.out’ to ‘/scratch/axiom/FAC/FBM/DEE/jpannell/merc_omics_dlj/sexrecevo/Simulations_March_2020//02_sim_array_logs/SIM_array_02_3186849-29.out’: Device or resource busy
mv: cannot stat ‘SIM_array_02_3186849-2.err’: No such file or directory
mv: cannot stat ‘SIM_array_02_3186849-2.out’: No such file or directory
mv: cannot move ‘SIM_array_02_3186849-30.err’ to ‘/scratch/axiom/FAC/FBM/DEE/jpannell/merc_omics_dlj/sexrecevo/Simulations_March_2020//02_sim_array_logs/SIM_array_02_3186849-30.err’: Device or resource busy
mv: cannot move ‘SIM_array_02_3186849-30.out’ to ‘/scratch/axiom/FAC/FBM/DEE/jpannell/merc_omics_dlj/sexrecevo/Simulations_March_2020//02_sim_array_logs/SIM_array_02_3186849-30.out’: Device or resource busy
mv: cannot move ‘SIM_array_02_3186849-31.err’ to ‘/scratch/axiom/FAC/FBM/DEE/jpannell/merc_omics_dlj/sexrecevo/Simulations_March_2020//02_sim_array_logs/SIM_array_02_3186849-31.err’: Device or resource busy
mv: cannot move ‘SIM_array_02_3186849-31.out’ to ‘/scratch/axiom/FAC/FBM/DEE/jpannell/merc_omics_dlj/sexrecevo/Simulations_March_2020//02_sim_array_logs/SIM_array_02_3186849-31.out’: Device or resource busy
mv: cannot move ‘SIM_array_02_3186849-36.err’ to ‘/scratch/axiom/FAC/FBM/DEE/jpannell/merc_omics_dlj/sexrecevo/Simulations_March_2020//02_sim_array_logs/SIM_array_02_3186849-36.err’: Device or resource busy
mv: cannot move ‘SIM_array_02_3186849-36.out’ to ‘/scratch/axiom/FAC/FBM/DEE/jpannell/merc_omics_dlj/sexrecevo/Simulations_March_2020//02_sim_array_logs/SIM_array_02_3186849-36.out’: Device or resource busy
mv: cannot move ‘SIM_array_02_3186849-37.err’ to ‘/scratch/axiom/FAC/FBM/DEE/jpannell/merc_omics_dlj/sexrecevo/Simulations_March_2020//02_sim_array_logs/SIM_array_02_3186849-37.err’: Device or resource busy
mv: cannot move ‘SIM_array_02_3186849-37.out’ to ‘/scratch/axiom/FAC/FBM/DEE/jpannell/merc_omics_dlj/sexrecevo/Simulations_March_2020//02_sim_array_logs/SIM_array_02_3186849-37.out’: Device or resource busy
mv: cannot move ‘SIM_array_02_3186849-38.err’ to ‘/scratch/axiom/FAC/FBM/DEE/jpannell/merc_omics_dlj/sexrecevo/Simulations_March_2020//02_sim_array_logs/SIM_array_02_3186849-38.err’: Device or resource busy
mv: cannot move ‘SIM_array_02_3186849-38.out’ to ‘/scratch/axiom/FAC/FBM/DEE/jpannell/merc_omics_dlj/sexrecevo/Simulations_March_2020//02_sim_array_logs/SIM_array_02_3186849-38.out’: Device or resource busy
mv: cannot move ‘SIM_array_02_3186849-39.err’ to ‘/scratch/axiom/FAC/FBM/DEE/jpannell/merc_omics_dlj/sexrecevo/Simulations_March_2020//02_sim_array_logs/SIM_array_02_3186849-39.err’: Device or resource busy
mv: cannot move ‘SIM_array_02_3186849-39.out’ to ‘/scratch/axiom/FAC/FBM/DEE/jpannell/merc_omics_dlj/sexrecevo/Simulations_March_2020//02_sim_array_logs/SIM_array_02_3186849-39.out’: Device or resource busy
mv: cannot move ‘SIM_array_02_3186849-40.err’ to ‘/scratch/axiom/FAC/FBM/DEE/jpannell/merc_omics_dlj/sexrecevo/Simulations_March_2020//02_sim_array_logs/SIM_array_02_3186849-40.err’: Device or resource busy
mv: cannot move ‘SIM_array_02_3186849-40.out’ to ‘/scratch/axiom/FAC/FBM/DEE/jpannell/merc_omics_dlj/sexrecevo/Simulations_March_2020//02_sim_array_logs/SIM_array_02_3186849-40.out’: Device or resource busy
mv: cannot move ‘SIM_array_02_3186849-41.err’ to ‘/scratch/axiom/FAC/FBM/DEE/jpannell/merc_omics_dlj/sexrecevo/Simulations_March_2020//02_sim_array_logs/SIM_array_02_3186849-41.err’: Device or resource busy
mv: cannot move ‘SIM_array_02_3186849-41.out’ to ‘/scratch/axiom/FAC/FBM/DEE/jpannell/merc_omics_dlj/sexrecevo/Simulations_March_2020//02_sim_array_logs/SIM_array_02_3186849-41.out’: Device or resource busy
mv: cannot move ‘SIM_array_02_3186849-42.err’ to ‘/scratch/axiom/FAC/FBM/DEE/jpannell/merc_omics_dlj/sexrecevo/Simulations_March_2020//02_sim_array_logs/SIM_array_02_3186849-42.err’: Device or resource busy
mv: cannot move ‘SIM_array_02_3186849-42.out’ to ‘/scratch/axiom/FAC/FBM/DEE/jpannell/merc_omics_dlj/sexrecevo/Simulations_March_2020//02_sim_array_logs/SIM_array_02_3186849-42.out’: Device or resource busy
mv: cannot move ‘SIM_array_02_3186849-43.err’ to ‘/scratch/axiom/FAC/FBM/DEE/jpannell/merc_omics_dlj/sexrecevo/Simulations_March_2020//02_sim_array_logs/SIM_array_02_3186849-43.err’: Device or resource busy
mv: cannot move ‘SIM_array_02_3186849-43.out’ to ‘/scratch/axiom/FAC/FBM/DEE/jpannell/merc_omics_dlj/sexrecevo/Simulations_March_2020//02_sim_array_logs/SIM_array_02_3186849-43.out’: Device or resource busy
mv: cannot move ‘SIM_array_02_3186849-44.err’ to ‘/scratch/axiom/FAC/FBM/DEE/jpannell/merc_omics_dlj/sexrecevo/Simulations_March_2020//02_sim_array_logs/SIM_array_02_3186849-44.err’: Device or resource busy
mv: cannot move ‘SIM_array_02_3186849-44.out’ to ‘/scratch/axiom/FAC/FBM/DEE/jpannell/merc_omics_dlj/sexrecevo/Simulations_March_2020//02_sim_array_logs/SIM_array_02_3186849-44.out’: Device or resource busy
mv: cannot move ‘SIM_array_02_3186849-45.err’ to ‘/scratch/axiom/FAC/FBM/DEE/jpannell/merc_omics_dlj/sexrecevo/Simulations_March_2020//02_sim_array_logs/SIM_array_02_3186849-45.err’: Device or resource busy
mv: cannot move ‘SIM_array_02_3186849-45.out’ to ‘/scratch/axiom/FAC/FBM/DEE/jpannell/merc_omics_dlj/sexrecevo/Simulations_March_2020//02_sim_array_logs/SIM_array_02_3186849-45.out’: Device or resource busy
mv: cannot move ‘SIM_array_02_3186849-46.err’ to ‘/scratch/axiom/FAC/FBM/DEE/jpannell/merc_omics_dlj/sexrecevo/Simulations_March_2020//02_sim_array_logs/SIM_array_02_3186849-46.err’: Device or resource busy
mv: cannot move ‘SIM_array_02_3186849-46.out’ to ‘/scratch/axiom/FAC/FBM/DEE/jpannell/merc_omics_dlj/sexrecevo/Simulations_March_2020//02_sim_array_logs/SIM_array_02_3186849-46.out’: Device or resource busy
mv: cannot move ‘SIM_array_02_3186849-47.err’ to ‘/scratch/axiom/FAC/FBM/DEE/jpannell/merc_omics_dlj/sexrecevo/Simulations_March_2020//02_sim_array_logs/SIM_array_02_3186849-47.err’: Device or resource busy
mv: cannot move ‘SIM_array_02_3186849-47.out’ to ‘/scratch/axiom/FAC/FBM/DEE/jpannell/merc_omics_dlj/sexrecevo/Simulations_March_2020//02_sim_array_logs/SIM_array_02_3186849-47.out’: Device or resource busy
mv: cannot move ‘SIM_array_02_3186849-48.err’ to ‘/scratch/axiom/FAC/FBM/DEE/jpannell/merc_omics_dlj/sexrecevo/Simulations_March_2020//02_sim_array_logs/SIM_array_02_3186849-48.err’: Device or resource busy
mv: cannot move ‘SIM_array_02_3186849-48.out’ to ‘/scratch/axiom/FAC/FBM/DEE/jpannell/merc_omics_dlj/sexrecevo/Simulations_March_2020//02_sim_array_logs/SIM_array_02_3186849-48.out’: Device or resource busy
mv: cannot move ‘SIM_array_02_3186849-49.err’ to ‘/scratch/axiom/FAC/FBM/DEE/jpannell/merc_omics_dlj/sexrecevo/Simulations_March_2020//02_sim_array_logs/SIM_array_02_3186849-49.err’: Device or resource busy
mv: cannot move ‘SIM_array_02_3186849-49.out’ to ‘/scratch/axiom/FAC/FBM/DEE/jpannell/merc_omics_dlj/sexrecevo/Simulations_March_2020//02_sim_array_logs/SIM_array_02_3186849-49.out’: Device or resource busy
mv: cannot stat ‘SIM_array_02_3186849-4.err’: No such file or directory
mv: cannot stat ‘SIM_array_02_3186849-4.out’: No such file or directory
mv: cannot move ‘SIM_array_02_3186849-50.out’ to ‘/scratch/axiom/FAC/FBM/DEE/jpannell/merc_omics_dlj/sexrecevo/Simulations_March_2020//02_sim_array_logs/SIM_array_02_3186849-50.out’: No such file or directory
mv: cannot stat ‘SIM_array_02_3186849-5.err’: No such file or directory
mv: cannot stat ‘SIM_array_02_3186849-5.out’: No such file or directory
mv: cannot stat ‘SIM_array_02_3186849-6.err’: No such file or directory
mv: cannot stat ‘SIM_array_02_3186849-6.out’: No such file or directory
mv: cannot move ‘SIM_array_02_3186849-8.err’ to ‘/scratch/axiom/FAC/FBM/DEE/jpannell/merc_omics_dlj/sexrecevo/Simulations_March_2020//02_sim_array_logs/SIM_array_02_3186849-8.err’: Device or resource busy
mv: cannot move ‘SIM_array_02_3186849-8.out’ to ‘/scratch/axiom/FAC/FBM/DEE/jpannell/merc_omics_dlj/sexrecevo/Simulations_March_2020//02_sim_array_logs/SIM_array_02_3186849-8.out’: Device or resource busy
mv: cannot move ‘SIM_array_02_3186849-9.err’ to ‘/scratch/axiom/FAC/FBM/DEE/jpannell/merc_omics_dlj/sexrecevo/Simulations_March_2020//02_sim_array_logs/SIM_array_02_3186849-9.err’: Device or resource busy
mv: cannot move ‘SIM_array_02_3186849-9.out’ to ‘/scratch/axiom/FAC/FBM/DEE/jpannell/merc_omics_dlj/sexrecevo/Simulations_March_2020//02_sim_array_logs/SIM_array_02_3186849-9.out’: Device or resource busy
