Generation 0
Generation 10
Generation 20
Generation 30
Generation 40
Generation 50
Generation 60
Generation 70
Generation 80
Generation 90
Generation 100
Generation 110
Generation 120
Generation 130
Generation 140
Generation 150
Generation 160
Generation 170
Generation 180
Generation 190
Generation 200
Generation 210
Generation 220
Generation 230
Generation 240
Generation 250
Generation 260
Generation 270
Generation 280
Generation 290
Generation 300
Generation 310
Generation 320
Generation 330
Generation 340
Generation 350
Generation 360
Generation 370
Generation 380
Generation 390
Generation 400
Generation 410
Generation 420
Generation 430
Generation 440
Generation 450
Generation 460
Generation 470
Generation 480
Generation 490
Generation 500
Generation 510
Generation 520
Generation 530
Generation 540
Generation 550
Generation 560
Generation 570
Generation 580
Generation 590
Generation 600
Generation 610
Generation 620
Generation 630
Generation 640
Generation 650
Generation 660
Generation 670
Generation 680
Generation 690
Generation 700
Generation 710
Generation 720
Generation 730
Generation 740
Generation 750
Generation 760
Generation 770
Generation 780
Generation 790
Generation 800
Generation 810
Generation 820
Generation 830
Generation 840
Generation 850
Generation 860
Generation 870
Generation 880
Generation 890
Generation 900
Generation 910
Generation 920
Generation 930
Generation 940
Generation 950
Generation 960
Generation 970
Generation 980
Generation 990
