sed: can't read /scratch/axiom/FAC/FBM/DEE/jpannell/merc_omics_dlj/sexrecevo/Simulations_March_2020//template.conf: No such file or directory
mv: cannot move ‘SIM_array_01_3146250-100.err’ to ‘/scratch/axiom/FAC/FBM/DEE/jpannell/merc_omics_dlj/sexrecevo/Simulations_March_2020//01_sim_array_logs/SIM_array_01_3146250-100.err’: Device or resource busy
mv: cannot move ‘SIM_array_01_3146250-100.out’ to ‘/scratch/axiom/FAC/FBM/DEE/jpannell/merc_omics_dlj/sexrecevo/Simulations_March_2020//01_sim_array_logs/SIM_array_01_3146250-100.out’: Device or resource busy
mv: cannot move ‘SIM_array_01_3146250-10.err’ to ‘/scratch/axiom/FAC/FBM/DEE/jpannell/merc_omics_dlj/sexrecevo/Simulations_March_2020//01_sim_array_logs/SIM_array_01_3146250-10.err’: Device or resource busy
mv: cannot move ‘SIM_array_01_3146250-10.out’ to ‘/scratch/axiom/FAC/FBM/DEE/jpannell/merc_omics_dlj/sexrecevo/Simulations_March_2020//01_sim_array_logs/SIM_array_01_3146250-10.out’: Device or resource busy
mv: cannot move ‘SIM_array_01_3146250-11.err’ to ‘/scratch/axiom/FAC/FBM/DEE/jpannell/merc_omics_dlj/sexrecevo/Simulations_March_2020//01_sim_array_logs/SIM_array_01_3146250-11.err’: Device or resource busy
mv: cannot move ‘SIM_array_01_3146250-11.out’ to ‘/scratch/axiom/FAC/FBM/DEE/jpannell/merc_omics_dlj/sexrecevo/Simulations_March_2020//01_sim_array_logs/SIM_array_01_3146250-11.out’: Device or resource busy
mv: cannot move ‘SIM_array_01_3146250-12.err’ to ‘/scratch/axiom/FAC/FBM/DEE/jpannell/merc_omics_dlj/sexrecevo/Simulations_March_2020//01_sim_array_logs/SIM_array_01_3146250-12.err’: Device or resource busy
mv: cannot move ‘SIM_array_01_3146250-12.out’ to ‘/scratch/axiom/FAC/FBM/DEE/jpannell/merc_omics_dlj/sexrecevo/Simulations_March_2020//01_sim_array_logs/SIM_array_01_3146250-12.out’: Device or resource busy
mv: cannot move ‘SIM_array_01_3146250-13.err’ to ‘/scratch/axiom/FAC/FBM/DEE/jpannell/merc_omics_dlj/sexrecevo/Simulations_March_2020//01_sim_array_logs/SIM_array_01_3146250-13.err’: Device or resource busy
mv: cannot move ‘SIM_array_01_3146250-13.out’ to ‘/scratch/axiom/FAC/FBM/DEE/jpannell/merc_omics_dlj/sexrecevo/Simulations_March_2020//01_sim_array_logs/SIM_array_01_3146250-13.out’: Device or resource busy
mv: cannot move ‘SIM_array_01_3146250-14.err’ to ‘/scratch/axiom/FAC/FBM/DEE/jpannell/merc_omics_dlj/sexrecevo/Simulations_March_2020//01_sim_array_logs/SIM_array_01_3146250-14.err’: Device or resource busy
mv: cannot move ‘SIM_array_01_3146250-14.out’ to ‘/scratch/axiom/FAC/FBM/DEE/jpannell/merc_omics_dlj/sexrecevo/Simulations_March_2020//01_sim_array_logs/SIM_array_01_3146250-14.out’: Device or resource busy
mv: cannot move ‘SIM_array_01_3146250-15.err’ to ‘/scratch/axiom/FAC/FBM/DEE/jpannell/merc_omics_dlj/sexrecevo/Simulations_March_2020//01_sim_array_logs/SIM_array_01_3146250-15.err’: Device or resource busy
mv: cannot move ‘SIM_array_01_3146250-15.out’ to ‘/scratch/axiom/FAC/FBM/DEE/jpannell/merc_omics_dlj/sexrecevo/Simulations_March_2020//01_sim_array_logs/SIM_array_01_3146250-15.out’: Device or resource busy
mv: cannot move ‘SIM_array_01_3146250-16.err’ to ‘/scratch/axiom/FAC/FBM/DEE/jpannell/merc_omics_dlj/sexrecevo/Simulations_March_2020//01_sim_array_logs/SIM_array_01_3146250-16.err’: Device or resource busy
mv: cannot move ‘SIM_array_01_3146250-16.out’ to ‘/scratch/axiom/FAC/FBM/DEE/jpannell/merc_omics_dlj/sexrecevo/Simulations_March_2020//01_sim_array_logs/SIM_array_01_3146250-16.out’: Device or resource busy
mv: cannot move ‘SIM_array_01_3146250-17.err’ to ‘/scratch/axiom/FAC/FBM/DEE/jpannell/merc_omics_dlj/sexrecevo/Simulations_March_2020//01_sim_array_logs/SIM_array_01_3146250-17.err’: Device or resource busy
mv: cannot move ‘SIM_array_01_3146250-17.out’ to ‘/scratch/axiom/FAC/FBM/DEE/jpannell/merc_omics_dlj/sexrecevo/Simulations_March_2020//01_sim_array_logs/SIM_array_01_3146250-17.out’: Device or resource busy
mv: cannot move ‘SIM_array_01_3146250-18.err’ to ‘/scratch/axiom/FAC/FBM/DEE/jpannell/merc_omics_dlj/sexrecevo/Simulations_March_2020//01_sim_array_logs/SIM_array_01_3146250-18.err’: Device or resource busy
mv: cannot move ‘SIM_array_01_3146250-18.out’ to ‘/scratch/axiom/FAC/FBM/DEE/jpannell/merc_omics_dlj/sexrecevo/Simulations_March_2020//01_sim_array_logs/SIM_array_01_3146250-18.out’: Device or resource busy
mv: cannot move ‘SIM_array_01_3146250-19.err’ to ‘/scratch/axiom/FAC/FBM/DEE/jpannell/merc_omics_dlj/sexrecevo/Simulations_March_2020//01_sim_array_logs/SIM_array_01_3146250-19.err’: Device or resource busy
mv: cannot move ‘SIM_array_01_3146250-19.out’ to ‘/scratch/axiom/FAC/FBM/DEE/jpannell/merc_omics_dlj/sexrecevo/Simulations_March_2020//01_sim_array_logs/SIM_array_01_3146250-19.out’: Device or resource busy
mv: cannot move ‘SIM_array_01_3146250-1.err’ to ‘/scratch/axiom/FAC/FBM/DEE/jpannell/merc_omics_dlj/sexrecevo/Simulations_March_2020//01_sim_array_logs/SIM_array_01_3146250-1.err’: Device or resource busy
mv: cannot move ‘SIM_array_01_3146250-1.out’ to ‘/scratch/axiom/FAC/FBM/DEE/jpannell/merc_omics_dlj/sexrecevo/Simulations_March_2020//01_sim_array_logs/SIM_array_01_3146250-1.out’: Device or resource busy
mv: cannot move ‘SIM_array_01_3146250-20.err’ to ‘/scratch/axiom/FAC/FBM/DEE/jpannell/merc_omics_dlj/sexrecevo/Simulations_March_2020//01_sim_array_logs/SIM_array_01_3146250-20.err’: Device or resource busy
mv: cannot move ‘SIM_array_01_3146250-20.out’ to ‘/scratch/axiom/FAC/FBM/DEE/jpannell/merc_omics_dlj/sexrecevo/Simulations_March_2020//01_sim_array_logs/SIM_array_01_3146250-20.out’: Device or resource busy
mv: cannot move ‘SIM_array_01_3146250-21.err’ to ‘/scratch/axiom/FAC/FBM/DEE/jpannell/merc_omics_dlj/sexrecevo/Simulations_March_2020//01_sim_array_logs/SIM_array_01_3146250-21.err’: Device or resource busy
mv: cannot move ‘SIM_array_01_3146250-21.out’ to ‘/scratch/axiom/FAC/FBM/DEE/jpannell/merc_omics_dlj/sexrecevo/Simulations_March_2020//01_sim_array_logs/SIM_array_01_3146250-21.out’: Device or resource busy
mv: cannot move ‘SIM_array_01_3146250-22.err’ to ‘/scratch/axiom/FAC/FBM/DEE/jpannell/merc_omics_dlj/sexrecevo/Simulations_March_2020//01_sim_array_logs/SIM_array_01_3146250-22.err’: Device or resource busy
mv: cannot move ‘SIM_array_01_3146250-22.out’ to ‘/scratch/axiom/FAC/FBM/DEE/jpannell/merc_omics_dlj/sexrecevo/Simulations_March_2020//01_sim_array_logs/SIM_array_01_3146250-22.out’: Device or resource busy
mv: cannot move ‘SIM_array_01_3146250-23.err’ to ‘/scratch/axiom/FAC/FBM/DEE/jpannell/merc_omics_dlj/sexrecevo/Simulations_March_2020//01_sim_array_logs/SIM_array_01_3146250-23.err’: Device or resource busy
mv: cannot move ‘SIM_array_01_3146250-23.out’ to ‘/scratch/axiom/FAC/FBM/DEE/jpannell/merc_omics_dlj/sexrecevo/Simulations_March_2020//01_sim_array_logs/SIM_array_01_3146250-23.out’: Device or resource busy
mv: cannot move ‘SIM_array_01_3146250-24.err’ to ‘/scratch/axiom/FAC/FBM/DEE/jpannell/merc_omics_dlj/sexrecevo/Simulations_March_2020//01_sim_array_logs/SIM_array_01_3146250-24.err’: Device or resource busy
mv: cannot move ‘SIM_array_01_3146250-24.out’ to ‘/scratch/axiom/FAC/FBM/DEE/jpannell/merc_omics_dlj/sexrecevo/Simulations_March_2020//01_sim_array_logs/SIM_array_01_3146250-24.out’: Device or resource busy
mv: cannot move ‘SIM_array_01_3146250-25.err’ to ‘/scratch/axiom/FAC/FBM/DEE/jpannell/merc_omics_dlj/sexrecevo/Simulations_March_2020//01_sim_array_logs/SIM_array_01_3146250-25.err’: Device or resource busy
mv: cannot move ‘SIM_array_01_3146250-25.out’ to ‘/scratch/axiom/FAC/FBM/DEE/jpannell/merc_omics_dlj/sexrecevo/Simulations_March_2020//01_sim_array_logs/SIM_array_01_3146250-25.out’: Device or resource busy
mv: cannot move ‘SIM_array_01_3146250-26.err’ to ‘/scratch/axiom/FAC/FBM/DEE/jpannell/merc_omics_dlj/sexrecevo/Simulations_March_2020//01_sim_array_logs/SIM_array_01_3146250-26.err’: Device or resource busy
mv: cannot move ‘SIM_array_01_3146250-26.out’ to ‘/scratch/axiom/FAC/FBM/DEE/jpannell/merc_omics_dlj/sexrecevo/Simulations_March_2020//01_sim_array_logs/SIM_array_01_3146250-26.out’: Device or resource busy
mv: cannot move ‘SIM_array_01_3146250-27.err’ to ‘/scratch/axiom/FAC/FBM/DEE/jpannell/merc_omics_dlj/sexrecevo/Simulations_March_2020//01_sim_array_logs/SIM_array_01_3146250-27.err’: Device or resource busy
mv: cannot move ‘SIM_array_01_3146250-27.out’ to ‘/scratch/axiom/FAC/FBM/DEE/jpannell/merc_omics_dlj/sexrecevo/Simulations_March_2020//01_sim_array_logs/SIM_array_01_3146250-27.out’: Device or resource busy
mv: cannot move ‘SIM_array_01_3146250-28.err’ to ‘/scratch/axiom/FAC/FBM/DEE/jpannell/merc_omics_dlj/sexrecevo/Simulations_March_2020//01_sim_array_logs/SIM_array_01_3146250-28.err’: Device or resource busy
mv: cannot move ‘SIM_array_01_3146250-28.out’ to ‘/scratch/axiom/FAC/FBM/DEE/jpannell/merc_omics_dlj/sexrecevo/Simulations_March_2020//01_sim_array_logs/SIM_array_01_3146250-28.out’: Device or resource busy
mv: cannot move ‘SIM_array_01_3146250-29.err’ to ‘/scratch/axiom/FAC/FBM/DEE/jpannell/merc_omics_dlj/sexrecevo/Simulations_March_2020//01_sim_array_logs/SIM_array_01_3146250-29.err’: Device or resource busy
mv: cannot move ‘SIM_array_01_3146250-29.out’ to ‘/scratch/axiom/FAC/FBM/DEE/jpannell/merc_omics_dlj/sexrecevo/Simulations_March_2020//01_sim_array_logs/SIM_array_01_3146250-29.out’: Device or resource busy
mv: cannot move ‘SIM_array_01_3146250-2.err’ to ‘/scratch/axiom/FAC/FBM/DEE/jpannell/merc_omics_dlj/sexrecevo/Simulations_March_2020//01_sim_array_logs/SIM_array_01_3146250-2.err’: Device or resource busy
mv: cannot move ‘SIM_array_01_3146250-2.out’ to ‘/scratch/axiom/FAC/FBM/DEE/jpannell/merc_omics_dlj/sexrecevo/Simulations_March_2020//01_sim_array_logs/SIM_array_01_3146250-2.out’: Device or resource busy
mv: cannot move ‘SIM_array_01_3146250-30.err’ to ‘/scratch/axiom/FAC/FBM/DEE/jpannell/merc_omics_dlj/sexrecevo/Simulations_March_2020//01_sim_array_logs/SIM_array_01_3146250-30.err’: Device or resource busy
mv: cannot move ‘SIM_array_01_3146250-30.out’ to ‘/scratch/axiom/FAC/FBM/DEE/jpannell/merc_omics_dlj/sexrecevo/Simulations_March_2020//01_sim_array_logs/SIM_array_01_3146250-30.out’: Device or resource busy
mv: cannot move ‘SIM_array_01_3146250-31.err’ to ‘/scratch/axiom/FAC/FBM/DEE/jpannell/merc_omics_dlj/sexrecevo/Simulations_March_2020//01_sim_array_logs/SIM_array_01_3146250-31.err’: Device or resource busy
mv: cannot move ‘SIM_array_01_3146250-31.out’ to ‘/scratch/axiom/FAC/FBM/DEE/jpannell/merc_omics_dlj/sexrecevo/Simulations_March_2020//01_sim_array_logs/SIM_array_01_3146250-31.out’: Device or resource busy
mv: cannot move ‘SIM_array_01_3146250-32.err’ to ‘/scratch/axiom/FAC/FBM/DEE/jpannell/merc_omics_dlj/sexrecevo/Simulations_March_2020//01_sim_array_logs/SIM_array_01_3146250-32.err’: Device or resource busy
mv: cannot move ‘SIM_array_01_3146250-32.out’ to ‘/scratch/axiom/FAC/FBM/DEE/jpannell/merc_omics_dlj/sexrecevo/Simulations_March_2020//01_sim_array_logs/SIM_array_01_3146250-32.out’: Device or resource busy
mv: cannot move ‘SIM_array_01_3146250-33.err’ to ‘/scratch/axiom/FAC/FBM/DEE/jpannell/merc_omics_dlj/sexrecevo/Simulations_March_2020//01_sim_array_logs/SIM_array_01_3146250-33.err’: Device or resource busy
mv: cannot move ‘SIM_array_01_3146250-33.out’ to ‘/scratch/axiom/FAC/FBM/DEE/jpannell/merc_omics_dlj/sexrecevo/Simulations_March_2020//01_sim_array_logs/SIM_array_01_3146250-33.out’: Device or resource busy
mv: cannot move ‘SIM_array_01_3146250-34.err’ to ‘/scratch/axiom/FAC/FBM/DEE/jpannell/merc_omics_dlj/sexrecevo/Simulations_March_2020//01_sim_array_logs/SIM_array_01_3146250-34.err’: Device or resource busy
mv: cannot move ‘SIM_array_01_3146250-34.out’ to ‘/scratch/axiom/FAC/FBM/DEE/jpannell/merc_omics_dlj/sexrecevo/Simulations_March_2020//01_sim_array_logs/SIM_array_01_3146250-34.out’: Device or resource busy
mv: cannot move ‘SIM_array_01_3146250-35.err’ to ‘/scratch/axiom/FAC/FBM/DEE/jpannell/merc_omics_dlj/sexrecevo/Simulations_March_2020//01_sim_array_logs/SIM_array_01_3146250-35.err’: Device or resource busy
mv: cannot move ‘SIM_array_01_3146250-35.out’ to ‘/scratch/axiom/FAC/FBM/DEE/jpannell/merc_omics_dlj/sexrecevo/Simulations_March_2020//01_sim_array_logs/SIM_array_01_3146250-35.out’: Device or resource busy
mv: cannot move ‘SIM_array_01_3146250-36.err’ to ‘/scratch/axiom/FAC/FBM/DEE/jpannell/merc_omics_dlj/sexrecevo/Simulations_March_2020//01_sim_array_logs/SIM_array_01_3146250-36.err’: Device or resource busy
mv: cannot move ‘SIM_array_01_3146250-36.out’ to ‘/scratch/axiom/FAC/FBM/DEE/jpannell/merc_omics_dlj/sexrecevo/Simulations_March_2020//01_sim_array_logs/SIM_array_01_3146250-36.out’: Device or resource busy
mv: cannot move ‘SIM_array_01_3146250-37.err’ to ‘/scratch/axiom/FAC/FBM/DEE/jpannell/merc_omics_dlj/sexrecevo/Simulations_March_2020//01_sim_array_logs/SIM_array_01_3146250-37.err’: Device or resource busy
mv: cannot move ‘SIM_array_01_3146250-37.out’ to ‘/scratch/axiom/FAC/FBM/DEE/jpannell/merc_omics_dlj/sexrecevo/Simulations_March_2020//01_sim_array_logs/SIM_array_01_3146250-37.out’: Device or resource busy
mv: cannot move ‘SIM_array_01_3146250-38.err’ to ‘/scratch/axiom/FAC/FBM/DEE/jpannell/merc_omics_dlj/sexrecevo/Simulations_March_2020//01_sim_array_logs/SIM_array_01_3146250-38.err’: Device or resource busy
mv: cannot move ‘SIM_array_01_3146250-38.out’ to ‘/scratch/axiom/FAC/FBM/DEE/jpannell/merc_omics_dlj/sexrecevo/Simulations_March_2020//01_sim_array_logs/SIM_array_01_3146250-38.out’: Device or resource busy
mv: cannot move ‘SIM_array_01_3146250-39.err’ to ‘/scratch/axiom/FAC/FBM/DEE/jpannell/merc_omics_dlj/sexrecevo/Simulations_March_2020//01_sim_array_logs/SIM_array_01_3146250-39.err’: Device or resource busy
mv: cannot move ‘SIM_array_01_3146250-39.out’ to ‘/scratch/axiom/FAC/FBM/DEE/jpannell/merc_omics_dlj/sexrecevo/Simulations_March_2020//01_sim_array_logs/SIM_array_01_3146250-39.out’: Device or resource busy
mv: cannot stat ‘SIM_array_01_3146250-3.out’: No such file or directory
mv: cannot move ‘SIM_array_01_3146250-40.err’ to ‘/scratch/axiom/FAC/FBM/DEE/jpannell/merc_omics_dlj/sexrecevo/Simulations_March_2020//01_sim_array_logs/SIM_array_01_3146250-40.err’: Device or resource busy
mv: cannot move ‘SIM_array_01_3146250-40.out’ to ‘/scratch/axiom/FAC/FBM/DEE/jpannell/merc_omics_dlj/sexrecevo/Simulations_March_2020//01_sim_array_logs/SIM_array_01_3146250-40.out’: Device or resource busy
mv: cannot move ‘SIM_array_01_3146250-41.err’ to ‘/scratch/axiom/FAC/FBM/DEE/jpannell/merc_omics_dlj/sexrecevo/Simulations_March_2020//01_sim_array_logs/SIM_array_01_3146250-41.err’: Device or resource busy
mv: cannot move ‘SIM_array_01_3146250-41.out’ to ‘/scratch/axiom/FAC/FBM/DEE/jpannell/merc_omics_dlj/sexrecevo/Simulations_March_2020//01_sim_array_logs/SIM_array_01_3146250-41.out’: Device or resource busy
mv: cannot move ‘SIM_array_01_3146250-42.err’ to ‘/scratch/axiom/FAC/FBM/DEE/jpannell/merc_omics_dlj/sexrecevo/Simulations_March_2020//01_sim_array_logs/SIM_array_01_3146250-42.err’: Device or resource busy
mv: cannot move ‘SIM_array_01_3146250-42.out’ to ‘/scratch/axiom/FAC/FBM/DEE/jpannell/merc_omics_dlj/sexrecevo/Simulations_March_2020//01_sim_array_logs/SIM_array_01_3146250-42.out’: Device or resource busy
mv: cannot move ‘SIM_array_01_3146250-43.err’ to ‘/scratch/axiom/FAC/FBM/DEE/jpannell/merc_omics_dlj/sexrecevo/Simulations_March_2020//01_sim_array_logs/SIM_array_01_3146250-43.err’: Device or resource busy
mv: cannot move ‘SIM_array_01_3146250-43.out’ to ‘/scratch/axiom/FAC/FBM/DEE/jpannell/merc_omics_dlj/sexrecevo/Simulations_March_2020//01_sim_array_logs/SIM_array_01_3146250-43.out’: Device or resource busy
mv: cannot move ‘SIM_array_01_3146250-44.err’ to ‘/scratch/axiom/FAC/FBM/DEE/jpannell/merc_omics_dlj/sexrecevo/Simulations_March_2020//01_sim_array_logs/SIM_array_01_3146250-44.err’: Device or resource busy
mv: cannot move ‘SIM_array_01_3146250-44.out’ to ‘/scratch/axiom/FAC/FBM/DEE/jpannell/merc_omics_dlj/sexrecevo/Simulations_March_2020//01_sim_array_logs/SIM_array_01_3146250-44.out’: Device or resource busy
mv: cannot move ‘SIM_array_01_3146250-45.err’ to ‘/scratch/axiom/FAC/FBM/DEE/jpannell/merc_omics_dlj/sexrecevo/Simulations_March_2020//01_sim_array_logs/SIM_array_01_3146250-45.err’: Device or resource busy
mv: cannot move ‘SIM_array_01_3146250-45.out’ to ‘/scratch/axiom/FAC/FBM/DEE/jpannell/merc_omics_dlj/sexrecevo/Simulations_March_2020//01_sim_array_logs/SIM_array_01_3146250-45.out’: Device or resource busy
mv: cannot move ‘SIM_array_01_3146250-46.err’ to ‘/scratch/axiom/FAC/FBM/DEE/jpannell/merc_omics_dlj/sexrecevo/Simulations_March_2020//01_sim_array_logs/SIM_array_01_3146250-46.err’: Device or resource busy
mv: cannot move ‘SIM_array_01_3146250-46.out’ to ‘/scratch/axiom/FAC/FBM/DEE/jpannell/merc_omics_dlj/sexrecevo/Simulations_March_2020//01_sim_array_logs/SIM_array_01_3146250-46.out’: Device or resource busy
mv: cannot move ‘SIM_array_01_3146250-47.err’ to ‘/scratch/axiom/FAC/FBM/DEE/jpannell/merc_omics_dlj/sexrecevo/Simulations_March_2020//01_sim_array_logs/SIM_array_01_3146250-47.err’: Device or resource busy
mv: cannot move ‘SIM_array_01_3146250-47.out’ to ‘/scratch/axiom/FAC/FBM/DEE/jpannell/merc_omics_dlj/sexrecevo/Simulations_March_2020//01_sim_array_logs/SIM_array_01_3146250-47.out’: Device or resource busy
mv: cannot move ‘SIM_array_01_3146250-48.err’ to ‘/scratch/axiom/FAC/FBM/DEE/jpannell/merc_omics_dlj/sexrecevo/Simulations_March_2020//01_sim_array_logs/SIM_array_01_3146250-48.err’: Device or resource busy
mv: cannot move ‘SIM_array_01_3146250-48.out’ to ‘/scratch/axiom/FAC/FBM/DEE/jpannell/merc_omics_dlj/sexrecevo/Simulations_March_2020//01_sim_array_logs/SIM_array_01_3146250-48.out’: Device or resource busy
mv: cannot move ‘SIM_array_01_3146250-49.err’ to ‘/scratch/axiom/FAC/FBM/DEE/jpannell/merc_omics_dlj/sexrecevo/Simulations_March_2020//01_sim_array_logs/SIM_array_01_3146250-49.err’: Device or resource busy
mv: cannot move ‘SIM_array_01_3146250-49.out’ to ‘/scratch/axiom/FAC/FBM/DEE/jpannell/merc_omics_dlj/sexrecevo/Simulations_March_2020//01_sim_array_logs/SIM_array_01_3146250-49.out’: Device or resource busy
mv: cannot move ‘SIM_array_01_3146250-4.err’ to ‘/scratch/axiom/FAC/FBM/DEE/jpannell/merc_omics_dlj/sexrecevo/Simulations_March_2020//01_sim_array_logs/SIM_array_01_3146250-4.err’: Device or resource busy
mv: cannot move ‘SIM_array_01_3146250-4.out’ to ‘/scratch/axiom/FAC/FBM/DEE/jpannell/merc_omics_dlj/sexrecevo/Simulations_March_2020//01_sim_array_logs/SIM_array_01_3146250-4.out’: Device or resource busy
mv: cannot move ‘SIM_array_01_3146250-50.err’ to ‘/scratch/axiom/FAC/FBM/DEE/jpannell/merc_omics_dlj/sexrecevo/Simulations_March_2020//01_sim_array_logs/SIM_array_01_3146250-50.err’: Device or resource busy
mv: cannot move ‘SIM_array_01_3146250-50.out’ to ‘/scratch/axiom/FAC/FBM/DEE/jpannell/merc_omics_dlj/sexrecevo/Simulations_March_2020//01_sim_array_logs/SIM_array_01_3146250-50.out’: Device or resource busy
mv: cannot move ‘SIM_array_01_3146250-52.err’ to ‘/scratch/axiom/FAC/FBM/DEE/jpannell/merc_omics_dlj/sexrecevo/Simulations_March_2020//01_sim_array_logs/SIM_array_01_3146250-52.err’: Device or resource busy
mv: cannot move ‘SIM_array_01_3146250-52.out’ to ‘/scratch/axiom/FAC/FBM/DEE/jpannell/merc_omics_dlj/sexrecevo/Simulations_March_2020//01_sim_array_logs/SIM_array_01_3146250-52.out’: Device or resource busy
mv: cannot move ‘SIM_array_01_3146250-53.err’ to ‘/scratch/axiom/FAC/FBM/DEE/jpannell/merc_omics_dlj/sexrecevo/Simulations_March_2020//01_sim_array_logs/SIM_array_01_3146250-53.err’: Device or resource busy
mv: cannot move ‘SIM_array_01_3146250-53.out’ to ‘/scratch/axiom/FAC/FBM/DEE/jpannell/merc_omics_dlj/sexrecevo/Simulations_March_2020//01_sim_array_logs/SIM_array_01_3146250-53.out’: Device or resource busy
mv: cannot move ‘SIM_array_01_3146250-54.err’ to ‘/scratch/axiom/FAC/FBM/DEE/jpannell/merc_omics_dlj/sexrecevo/Simulations_March_2020//01_sim_array_logs/SIM_array_01_3146250-54.err’: Device or resource busy
mv: cannot move ‘SIM_array_01_3146250-54.out’ to ‘/scratch/axiom/FAC/FBM/DEE/jpannell/merc_omics_dlj/sexrecevo/Simulations_March_2020//01_sim_array_logs/SIM_array_01_3146250-54.out’: Device or resource busy
mv: cannot move ‘SIM_array_01_3146250-55.err’ to ‘/scratch/axiom/FAC/FBM/DEE/jpannell/merc_omics_dlj/sexrecevo/Simulations_March_2020//01_sim_array_logs/SIM_array_01_3146250-55.err’: Device or resource busy
mv: cannot move ‘SIM_array_01_3146250-55.out’ to ‘/scratch/axiom/FAC/FBM/DEE/jpannell/merc_omics_dlj/sexrecevo/Simulations_March_2020//01_sim_array_logs/SIM_array_01_3146250-55.out’: Device or resource busy
mv: cannot move ‘SIM_array_01_3146250-56.err’ to ‘/scratch/axiom/FAC/FBM/DEE/jpannell/merc_omics_dlj/sexrecevo/Simulations_March_2020//01_sim_array_logs/SIM_array_01_3146250-56.err’: Device or resource busy
mv: cannot move ‘SIM_array_01_3146250-56.out’ to ‘/scratch/axiom/FAC/FBM/DEE/jpannell/merc_omics_dlj/sexrecevo/Simulations_March_2020//01_sim_array_logs/SIM_array_01_3146250-56.out’: Device or resource busy
mv: cannot move ‘SIM_array_01_3146250-57.err’ to ‘/scratch/axiom/FAC/FBM/DEE/jpannell/merc_omics_dlj/sexrecevo/Simulations_March_2020//01_sim_array_logs/SIM_array_01_3146250-57.err’: Device or resource busy
mv: cannot move ‘SIM_array_01_3146250-57.out’ to ‘/scratch/axiom/FAC/FBM/DEE/jpannell/merc_omics_dlj/sexrecevo/Simulations_March_2020//01_sim_array_logs/SIM_array_01_3146250-57.out’: Device or resource busy
mv: cannot move ‘SIM_array_01_3146250-58.err’ to ‘/scratch/axiom/FAC/FBM/DEE/jpannell/merc_omics_dlj/sexrecevo/Simulations_March_2020//01_sim_array_logs/SIM_array_01_3146250-58.err’: Device or resource busy
mv: cannot move ‘SIM_array_01_3146250-58.out’ to ‘/scratch/axiom/FAC/FBM/DEE/jpannell/merc_omics_dlj/sexrecevo/Simulations_March_2020//01_sim_array_logs/SIM_array_01_3146250-58.out’: Device or resource busy
mv: cannot move ‘SIM_array_01_3146250-59.err’ to ‘/scratch/axiom/FAC/FBM/DEE/jpannell/merc_omics_dlj/sexrecevo/Simulations_March_2020//01_sim_array_logs/SIM_array_01_3146250-59.err’: Device or resource busy
mv: cannot move ‘SIM_array_01_3146250-59.out’ to ‘/scratch/axiom/FAC/FBM/DEE/jpannell/merc_omics_dlj/sexrecevo/Simulations_March_2020//01_sim_array_logs/SIM_array_01_3146250-59.out’: Device or resource busy
mv: cannot stat ‘SIM_array_01_3146250-5.err’: No such file or directory
mv: cannot stat ‘SIM_array_01_3146250-5.out’: No such file or directory
mv: cannot move ‘SIM_array_01_3146250-60.err’ to ‘/scratch/axiom/FAC/FBM/DEE/jpannell/merc_omics_dlj/sexrecevo/Simulations_March_2020//01_sim_array_logs/SIM_array_01_3146250-60.err’: Device or resource busy
mv: cannot move ‘SIM_array_01_3146250-60.out’ to ‘/scratch/axiom/FAC/FBM/DEE/jpannell/merc_omics_dlj/sexrecevo/Simulations_March_2020//01_sim_array_logs/SIM_array_01_3146250-60.out’: Device or resource busy
mv: cannot move ‘SIM_array_01_3146250-61.err’ to ‘/scratch/axiom/FAC/FBM/DEE/jpannell/merc_omics_dlj/sexrecevo/Simulations_March_2020//01_sim_array_logs/SIM_array_01_3146250-61.err’: Device or resource busy
mv: cannot move ‘SIM_array_01_3146250-61.out’ to ‘/scratch/axiom/FAC/FBM/DEE/jpannell/merc_omics_dlj/sexrecevo/Simulations_March_2020//01_sim_array_logs/SIM_array_01_3146250-61.out’: Device or resource busy
mv: cannot move ‘SIM_array_01_3146250-62.err’ to ‘/scratch/axiom/FAC/FBM/DEE/jpannell/merc_omics_dlj/sexrecevo/Simulations_March_2020//01_sim_array_logs/SIM_array_01_3146250-62.err’: Device or resource busy
mv: cannot move ‘SIM_array_01_3146250-62.out’ to ‘/scratch/axiom/FAC/FBM/DEE/jpannell/merc_omics_dlj/sexrecevo/Simulations_March_2020//01_sim_array_logs/SIM_array_01_3146250-62.out’: Device or resource busy
mv: cannot move ‘SIM_array_01_3146250-63.err’ to ‘/scratch/axiom/FAC/FBM/DEE/jpannell/merc_omics_dlj/sexrecevo/Simulations_March_2020//01_sim_array_logs/SIM_array_01_3146250-63.err’: Device or resource busy
mv: cannot move ‘SIM_array_01_3146250-63.out’ to ‘/scratch/axiom/FAC/FBM/DEE/jpannell/merc_omics_dlj/sexrecevo/Simulations_March_2020//01_sim_array_logs/SIM_array_01_3146250-63.out’: Device or resource busy
mv: cannot move ‘SIM_array_01_3146250-64.err’ to ‘/scratch/axiom/FAC/FBM/DEE/jpannell/merc_omics_dlj/sexrecevo/Simulations_March_2020//01_sim_array_logs/SIM_array_01_3146250-64.err’: Device or resource busy
mv: cannot move ‘SIM_array_01_3146250-64.out’ to ‘/scratch/axiom/FAC/FBM/DEE/jpannell/merc_omics_dlj/sexrecevo/Simulations_March_2020//01_sim_array_logs/SIM_array_01_3146250-64.out’: Device or resource busy
mv: cannot move ‘SIM_array_01_3146250-65.err’ to ‘/scratch/axiom/FAC/FBM/DEE/jpannell/merc_omics_dlj/sexrecevo/Simulations_March_2020//01_sim_array_logs/SIM_array_01_3146250-65.err’: Device or resource busy
mv: cannot move ‘SIM_array_01_3146250-65.out’ to ‘/scratch/axiom/FAC/FBM/DEE/jpannell/merc_omics_dlj/sexrecevo/Simulations_March_2020//01_sim_array_logs/SIM_array_01_3146250-65.out’: Device or resource busy
mv: cannot move ‘SIM_array_01_3146250-66.err’ to ‘/scratch/axiom/FAC/FBM/DEE/jpannell/merc_omics_dlj/sexrecevo/Simulations_March_2020//01_sim_array_logs/SIM_array_01_3146250-66.err’: Device or resource busy
mv: cannot move ‘SIM_array_01_3146250-66.out’ to ‘/scratch/axiom/FAC/FBM/DEE/jpannell/merc_omics_dlj/sexrecevo/Simulations_March_2020//01_sim_array_logs/SIM_array_01_3146250-66.out’: Device or resource busy
mv: cannot move ‘SIM_array_01_3146250-67.err’ to ‘/scratch/axiom/FAC/FBM/DEE/jpannell/merc_omics_dlj/sexrecevo/Simulations_March_2020//01_sim_array_logs/SIM_array_01_3146250-67.err’: Device or resource busy
mv: cannot move ‘SIM_array_01_3146250-67.out’ to ‘/scratch/axiom/FAC/FBM/DEE/jpannell/merc_omics_dlj/sexrecevo/Simulations_March_2020//01_sim_array_logs/SIM_array_01_3146250-67.out’: Device or resource busy
mv: cannot move ‘SIM_array_01_3146250-68.err’ to ‘/scratch/axiom/FAC/FBM/DEE/jpannell/merc_omics_dlj/sexrecevo/Simulations_March_2020//01_sim_array_logs/SIM_array_01_3146250-68.err’: Device or resource busy
mv: cannot move ‘SIM_array_01_3146250-68.out’ to ‘/scratch/axiom/FAC/FBM/DEE/jpannell/merc_omics_dlj/sexrecevo/Simulations_March_2020//01_sim_array_logs/SIM_array_01_3146250-68.out’: Device or resource busy
mv: cannot move ‘SIM_array_01_3146250-69.err’ to ‘/scratch/axiom/FAC/FBM/DEE/jpannell/merc_omics_dlj/sexrecevo/Simulations_March_2020//01_sim_array_logs/SIM_array_01_3146250-69.err’: Device or resource busy
mv: cannot move ‘SIM_array_01_3146250-69.out’ to ‘/scratch/axiom/FAC/FBM/DEE/jpannell/merc_omics_dlj/sexrecevo/Simulations_March_2020//01_sim_array_logs/SIM_array_01_3146250-69.out’: Device or resource busy
mv: cannot stat ‘SIM_array_01_3146250-6.err’: No such file or directory
mv: cannot stat ‘SIM_array_01_3146250-6.out’: No such file or directory
mv: cannot move ‘SIM_array_01_3146250-70.err’ to ‘/scratch/axiom/FAC/FBM/DEE/jpannell/merc_omics_dlj/sexrecevo/Simulations_March_2020//01_sim_array_logs/SIM_array_01_3146250-70.err’: Device or resource busy
mv: cannot move ‘SIM_array_01_3146250-70.out’ to ‘/scratch/axiom/FAC/FBM/DEE/jpannell/merc_omics_dlj/sexrecevo/Simulations_March_2020//01_sim_array_logs/SIM_array_01_3146250-70.out’: Device or resource busy
mv: cannot move ‘SIM_array_01_3146250-71.err’ to ‘/scratch/axiom/FAC/FBM/DEE/jpannell/merc_omics_dlj/sexrecevo/Simulations_March_2020//01_sim_array_logs/SIM_array_01_3146250-71.err’: Device or resource busy
mv: cannot move ‘SIM_array_01_3146250-71.out’ to ‘/scratch/axiom/FAC/FBM/DEE/jpannell/merc_omics_dlj/sexrecevo/Simulations_March_2020//01_sim_array_logs/SIM_array_01_3146250-71.out’: Device or resource busy
mv: cannot move ‘SIM_array_01_3146250-72.err’ to ‘/scratch/axiom/FAC/FBM/DEE/jpannell/merc_omics_dlj/sexrecevo/Simulations_March_2020//01_sim_array_logs/SIM_array_01_3146250-72.err’: Device or resource busy
mv: cannot move ‘SIM_array_01_3146250-72.out’ to ‘/scratch/axiom/FAC/FBM/DEE/jpannell/merc_omics_dlj/sexrecevo/Simulations_March_2020//01_sim_array_logs/SIM_array_01_3146250-72.out’: Device or resource busy
mv: cannot move ‘SIM_array_01_3146250-73.err’ to ‘/scratch/axiom/FAC/FBM/DEE/jpannell/merc_omics_dlj/sexrecevo/Simulations_March_2020//01_sim_array_logs/SIM_array_01_3146250-73.err’: Device or resource busy
mv: cannot move ‘SIM_array_01_3146250-73.out’ to ‘/scratch/axiom/FAC/FBM/DEE/jpannell/merc_omics_dlj/sexrecevo/Simulations_March_2020//01_sim_array_logs/SIM_array_01_3146250-73.out’: Device or resource busy
mv: cannot move ‘SIM_array_01_3146250-74.err’ to ‘/scratch/axiom/FAC/FBM/DEE/jpannell/merc_omics_dlj/sexrecevo/Simulations_March_2020//01_sim_array_logs/SIM_array_01_3146250-74.err’: Device or resource busy
mv: cannot move ‘SIM_array_01_3146250-74.out’ to ‘/scratch/axiom/FAC/FBM/DEE/jpannell/merc_omics_dlj/sexrecevo/Simulations_March_2020//01_sim_array_logs/SIM_array_01_3146250-74.out’: Device or resource busy
mv: cannot move ‘SIM_array_01_3146250-75.err’ to ‘/scratch/axiom/FAC/FBM/DEE/jpannell/merc_omics_dlj/sexrecevo/Simulations_March_2020//01_sim_array_logs/SIM_array_01_3146250-75.err’: Device or resource busy
mv: cannot move ‘SIM_array_01_3146250-75.out’ to ‘/scratch/axiom/FAC/FBM/DEE/jpannell/merc_omics_dlj/sexrecevo/Simulations_March_2020//01_sim_array_logs/SIM_array_01_3146250-75.out’: Device or resource busy
mv: cannot move ‘SIM_array_01_3146250-76.err’ to ‘/scratch/axiom/FAC/FBM/DEE/jpannell/merc_omics_dlj/sexrecevo/Simulations_March_2020//01_sim_array_logs/SIM_array_01_3146250-76.err’: Device or resource busy
mv: cannot move ‘SIM_array_01_3146250-76.out’ to ‘/scratch/axiom/FAC/FBM/DEE/jpannell/merc_omics_dlj/sexrecevo/Simulations_March_2020//01_sim_array_logs/SIM_array_01_3146250-76.out’: Device or resource busy
mv: cannot move ‘SIM_array_01_3146250-77.err’ to ‘/scratch/axiom/FAC/FBM/DEE/jpannell/merc_omics_dlj/sexrecevo/Simulations_March_2020//01_sim_array_logs/SIM_array_01_3146250-77.err’: Device or resource busy
mv: cannot move ‘SIM_array_01_3146250-77.out’ to ‘/scratch/axiom/FAC/FBM/DEE/jpannell/merc_omics_dlj/sexrecevo/Simulations_March_2020//01_sim_array_logs/SIM_array_01_3146250-77.out’: Device or resource busy
mv: cannot move ‘SIM_array_01_3146250-78.err’ to ‘/scratch/axiom/FAC/FBM/DEE/jpannell/merc_omics_dlj/sexrecevo/Simulations_March_2020//01_sim_array_logs/SIM_array_01_3146250-78.err’: Device or resource busy
mv: cannot move ‘SIM_array_01_3146250-78.out’ to ‘/scratch/axiom/FAC/FBM/DEE/jpannell/merc_omics_dlj/sexrecevo/Simulations_March_2020//01_sim_array_logs/SIM_array_01_3146250-78.out’: Device or resource busy
mv: cannot move ‘SIM_array_01_3146250-80.err’ to ‘/scratch/axiom/FAC/FBM/DEE/jpannell/merc_omics_dlj/sexrecevo/Simulations_March_2020//01_sim_array_logs/SIM_array_01_3146250-80.err’: Device or resource busy
mv: cannot move ‘SIM_array_01_3146250-80.out’ to ‘/scratch/axiom/FAC/FBM/DEE/jpannell/merc_omics_dlj/sexrecevo/Simulations_March_2020//01_sim_array_logs/SIM_array_01_3146250-80.out’: Device or resource busy
mv: cannot move ‘SIM_array_01_3146250-81.err’ to ‘/scratch/axiom/FAC/FBM/DEE/jpannell/merc_omics_dlj/sexrecevo/Simulations_March_2020//01_sim_array_logs/SIM_array_01_3146250-81.err’: Device or resource busy
mv: cannot move ‘SIM_array_01_3146250-81.out’ to ‘/scratch/axiom/FAC/FBM/DEE/jpannell/merc_omics_dlj/sexrecevo/Simulations_March_2020//01_sim_array_logs/SIM_array_01_3146250-81.out’: Device or resource busy
mv: cannot move ‘SIM_array_01_3146250-83.err’ to ‘/scratch/axiom/FAC/FBM/DEE/jpannell/merc_omics_dlj/sexrecevo/Simulations_March_2020//01_sim_array_logs/SIM_array_01_3146250-83.err’: Device or resource busy
mv: cannot move ‘SIM_array_01_3146250-83.out’ to ‘/scratch/axiom/FAC/FBM/DEE/jpannell/merc_omics_dlj/sexrecevo/Simulations_March_2020//01_sim_array_logs/SIM_array_01_3146250-83.out’: Device or resource busy
mv: cannot move ‘SIM_array_01_3146250-84.err’ to ‘/scratch/axiom/FAC/FBM/DEE/jpannell/merc_omics_dlj/sexrecevo/Simulations_March_2020//01_sim_array_logs/SIM_array_01_3146250-84.err’: Device or resource busy
mv: cannot move ‘SIM_array_01_3146250-84.out’ to ‘/scratch/axiom/FAC/FBM/DEE/jpannell/merc_omics_dlj/sexrecevo/Simulations_March_2020//01_sim_array_logs/SIM_array_01_3146250-84.out’: Device or resource busy
mv: cannot move ‘SIM_array_01_3146250-85.err’ to ‘/scratch/axiom/FAC/FBM/DEE/jpannell/merc_omics_dlj/sexrecevo/Simulations_March_2020//01_sim_array_logs/SIM_array_01_3146250-85.err’: Device or resource busy
mv: cannot move ‘SIM_array_01_3146250-85.out’ to ‘/scratch/axiom/FAC/FBM/DEE/jpannell/merc_omics_dlj/sexrecevo/Simulations_March_2020//01_sim_array_logs/SIM_array_01_3146250-85.out’: Device or resource busy
mv: cannot move ‘SIM_array_01_3146250-86.err’ to ‘/scratch/axiom/FAC/FBM/DEE/jpannell/merc_omics_dlj/sexrecevo/Simulations_March_2020//01_sim_array_logs/SIM_array_01_3146250-86.err’: Device or resource busy
mv: cannot move ‘SIM_array_01_3146250-86.out’ to ‘/scratch/axiom/FAC/FBM/DEE/jpannell/merc_omics_dlj/sexrecevo/Simulations_March_2020//01_sim_array_logs/SIM_array_01_3146250-86.out’: Device or resource busy
mv: cannot move ‘SIM_array_01_3146250-87.err’ to ‘/scratch/axiom/FAC/FBM/DEE/jpannell/merc_omics_dlj/sexrecevo/Simulations_March_2020//01_sim_array_logs/SIM_array_01_3146250-87.err’: Device or resource busy
mv: cannot move ‘SIM_array_01_3146250-87.out’ to ‘/scratch/axiom/FAC/FBM/DEE/jpannell/merc_omics_dlj/sexrecevo/Simulations_March_2020//01_sim_array_logs/SIM_array_01_3146250-87.out’: Device or resource busy
mv: cannot move ‘SIM_array_01_3146250-88.err’ to ‘/scratch/axiom/FAC/FBM/DEE/jpannell/merc_omics_dlj/sexrecevo/Simulations_March_2020//01_sim_array_logs/SIM_array_01_3146250-88.err’: Device or resource busy
mv: cannot move ‘SIM_array_01_3146250-88.out’ to ‘/scratch/axiom/FAC/FBM/DEE/jpannell/merc_omics_dlj/sexrecevo/Simulations_March_2020//01_sim_array_logs/SIM_array_01_3146250-88.out’: Device or resource busy
mv: cannot move ‘SIM_array_01_3146250-89.err’ to ‘/scratch/axiom/FAC/FBM/DEE/jpannell/merc_omics_dlj/sexrecevo/Simulations_March_2020//01_sim_array_logs/SIM_array_01_3146250-89.err’: Device or resource busy
mv: cannot move ‘SIM_array_01_3146250-89.out’ to ‘/scratch/axiom/FAC/FBM/DEE/jpannell/merc_omics_dlj/sexrecevo/Simulations_March_2020//01_sim_array_logs/SIM_array_01_3146250-89.out’: Device or resource busy
mv: cannot move ‘SIM_array_01_3146250-8.err’ to ‘/scratch/axiom/FAC/FBM/DEE/jpannell/merc_omics_dlj/sexrecevo/Simulations_March_2020//01_sim_array_logs/SIM_array_01_3146250-8.err’: Device or resource busy
mv: cannot move ‘SIM_array_01_3146250-8.out’ to ‘/scratch/axiom/FAC/FBM/DEE/jpannell/merc_omics_dlj/sexrecevo/Simulations_March_2020//01_sim_array_logs/SIM_array_01_3146250-8.out’: Device or resource busy
mv: cannot move ‘SIM_array_01_3146250-90.err’ to ‘/scratch/axiom/FAC/FBM/DEE/jpannell/merc_omics_dlj/sexrecevo/Simulations_March_2020//01_sim_array_logs/SIM_array_01_3146250-90.err’: Device or resource busy
mv: cannot move ‘SIM_array_01_3146250-90.out’ to ‘/scratch/axiom/FAC/FBM/DEE/jpannell/merc_omics_dlj/sexrecevo/Simulations_March_2020//01_sim_array_logs/SIM_array_01_3146250-90.out’: Device or resource busy
mv: cannot move ‘SIM_array_01_3146250-91.err’ to ‘/scratch/axiom/FAC/FBM/DEE/jpannell/merc_omics_dlj/sexrecevo/Simulations_March_2020//01_sim_array_logs/SIM_array_01_3146250-91.err’: Device or resource busy
mv: cannot move ‘SIM_array_01_3146250-91.out’ to ‘/scratch/axiom/FAC/FBM/DEE/jpannell/merc_omics_dlj/sexrecevo/Simulations_March_2020//01_sim_array_logs/SIM_array_01_3146250-91.out’: Device or resource busy
mv: cannot move ‘SIM_array_01_3146250-92.err’ to ‘/scratch/axiom/FAC/FBM/DEE/jpannell/merc_omics_dlj/sexrecevo/Simulations_March_2020//01_sim_array_logs/SIM_array_01_3146250-92.err’: Device or resource busy
mv: cannot move ‘SIM_array_01_3146250-92.out’ to ‘/scratch/axiom/FAC/FBM/DEE/jpannell/merc_omics_dlj/sexrecevo/Simulations_March_2020//01_sim_array_logs/SIM_array_01_3146250-92.out’: Device or resource busy
mv: cannot move ‘SIM_array_01_3146250-93.err’ to ‘/scratch/axiom/FAC/FBM/DEE/jpannell/merc_omics_dlj/sexrecevo/Simulations_March_2020//01_sim_array_logs/SIM_array_01_3146250-93.err’: Device or resource busy
mv: cannot move ‘SIM_array_01_3146250-93.out’ to ‘/scratch/axiom/FAC/FBM/DEE/jpannell/merc_omics_dlj/sexrecevo/Simulations_March_2020//01_sim_array_logs/SIM_array_01_3146250-93.out’: Device or resource busy
mv: cannot move ‘SIM_array_01_3146250-94.err’ to ‘/scratch/axiom/FAC/FBM/DEE/jpannell/merc_omics_dlj/sexrecevo/Simulations_March_2020//01_sim_array_logs/SIM_array_01_3146250-94.err’: Device or resource busy
mv: cannot move ‘SIM_array_01_3146250-94.out’ to ‘/scratch/axiom/FAC/FBM/DEE/jpannell/merc_omics_dlj/sexrecevo/Simulations_March_2020//01_sim_array_logs/SIM_array_01_3146250-94.out’: Device or resource busy
mv: cannot move ‘SIM_array_01_3146250-95.err’ to ‘/scratch/axiom/FAC/FBM/DEE/jpannell/merc_omics_dlj/sexrecevo/Simulations_March_2020//01_sim_array_logs/SIM_array_01_3146250-95.err’: Device or resource busy
mv: cannot move ‘SIM_array_01_3146250-95.out’ to ‘/scratch/axiom/FAC/FBM/DEE/jpannell/merc_omics_dlj/sexrecevo/Simulations_March_2020//01_sim_array_logs/SIM_array_01_3146250-95.out’: Device or resource busy
mv: cannot move ‘SIM_array_01_3146250-96.err’ to ‘/scratch/axiom/FAC/FBM/DEE/jpannell/merc_omics_dlj/sexrecevo/Simulations_March_2020//01_sim_array_logs/SIM_array_01_3146250-96.err’: Device or resource busy
mv: cannot move ‘SIM_array_01_3146250-96.out’ to ‘/scratch/axiom/FAC/FBM/DEE/jpannell/merc_omics_dlj/sexrecevo/Simulations_March_2020//01_sim_array_logs/SIM_array_01_3146250-96.out’: Device or resource busy
mv: cannot move ‘SIM_array_01_3146250-97.err’ to ‘/scratch/axiom/FAC/FBM/DEE/jpannell/merc_omics_dlj/sexrecevo/Simulations_March_2020//01_sim_array_logs/SIM_array_01_3146250-97.err’: Device or resource busy
mv: cannot move ‘SIM_array_01_3146250-97.out’ to ‘/scratch/axiom/FAC/FBM/DEE/jpannell/merc_omics_dlj/sexrecevo/Simulations_March_2020//01_sim_array_logs/SIM_array_01_3146250-97.out’: Device or resource busy
mv: cannot move ‘SIM_array_01_3146250-98.err’ to ‘/scratch/axiom/FAC/FBM/DEE/jpannell/merc_omics_dlj/sexrecevo/Simulations_March_2020//01_sim_array_logs/SIM_array_01_3146250-98.err’: Device or resource busy
mv: cannot move ‘SIM_array_01_3146250-98.out’ to ‘/scratch/axiom/FAC/FBM/DEE/jpannell/merc_omics_dlj/sexrecevo/Simulations_March_2020//01_sim_array_logs/SIM_array_01_3146250-98.out’: Device or resource busy
mv: cannot stat ‘SIM_array_01_3146250-9.err’: No such file or directory
mv: cannot stat ‘SIM_array_01_3146250-9.out’: No such file or directory
